Detecting C OpenMP failed with the following output:
Change Dir: /Users/bindas/Documents2/EPFL/ComputerGraphics/ComputerGraphics/assignment_2/build/CMakeFiles/CMakeTmp

Run Build Command(s):/usr/bin/make cmTC_de621/fast 
/Applications/Xcode.app/Contents/Developer/usr/bin/make -f CMakeFiles/cmTC_de621.dir/build.make CMakeFiles/cmTC_de621.dir/build
Building C object CMakeFiles/cmTC_de621.dir/OpenMPTryFlag.c.o
/Applications/Xcode.app/Contents/Developer/Toolchains/XcodeDefault.xctoolchain/usr/bin/cc   -fopenmp=libomp -v -isysroot /Applications/Xcode.app/Contents/Developer/Platforms/MacOSX.platform/Developer/SDKs/MacOSX10.15.sdk   -o CMakeFiles/cmTC_de621.dir/OpenMPTryFlag.c.o   -c /Users/bindas/Documents2/EPFL/ComputerGraphics/ComputerGraphics/assignment_2/build/CMakeFiles/FindOpenMP/OpenMPTryFlag.c
Apple clang version 11.0.0 (clang-1100.0.33.17)
Target: x86_64-apple-darwin19.3.0
Thread model: posix
InstalledDir: /Applications/Xcode.app/Contents/Developer/Toolchains/XcodeDefault.xctoolchain/usr/bin
clang: error: unsupported argument 'libomp' to option 'fopenmp='
make[1]: *** [CMakeFiles/cmTC_de621.dir/OpenMPTryFlag.c.o] Error 1
make: *** [cmTC_de621/fast] Error 2


Detecting C OpenMP failed with the following output:
Change Dir: /Users/bindas/Documents2/EPFL/ComputerGraphics/ComputerGraphics/assignment_2/build/CMakeFiles/CMakeTmp

Run Build Command(s):/usr/bin/make cmTC_c0dc9/fast 
/Applications/Xcode.app/Contents/Developer/usr/bin/make -f CMakeFiles/cmTC_c0dc9.dir/build.make CMakeFiles/cmTC_c0dc9.dir/build
Building C object CMakeFiles/cmTC_c0dc9.dir/OpenMPTryFlag.c.o
/Applications/Xcode.app/Contents/Developer/Toolchains/XcodeDefault.xctoolchain/usr/bin/cc   -fopenmp=libiomp5 -v -isysroot /Applications/Xcode.app/Contents/Developer/Platforms/MacOSX.platform/Developer/SDKs/MacOSX10.15.sdk   -o CMakeFiles/cmTC_c0dc9.dir/OpenMPTryFlag.c.o   -c /Users/bindas/Documents2/EPFL/ComputerGraphics/ComputerGraphics/assignment_2/build/CMakeFiles/FindOpenMP/OpenMPTryFlag.c
Apple clang version 11.0.0 (clang-1100.0.33.17)
Target: x86_64-apple-darwin19.3.0
Thread model: posix
InstalledDir: /Applications/Xcode.app/Contents/Developer/Toolchains/XcodeDefault.xctoolchain/usr/bin
clang: error: unsupported argument 'libiomp5' to option 'fopenmp='
make[1]: *** [CMakeFiles/cmTC_c0dc9.dir/OpenMPTryFlag.c.o] Error 1
make: *** [cmTC_c0dc9/fast] Error 2


Detecting C OpenMP failed with the following output:
Change Dir: /Users/bindas/Documents2/EPFL/ComputerGraphics/ComputerGraphics/assignment_2/build/CMakeFiles/CMakeTmp

Run Build Command(s):/usr/bin/make cmTC_a8eee/fast 
/Applications/Xcode.app/Contents/Developer/usr/bin/make -f CMakeFiles/cmTC_a8eee.dir/build.make CMakeFiles/cmTC_a8eee.dir/build
Building C object CMakeFiles/cmTC_a8eee.dir/OpenMPTryFlag.c.o
/Applications/Xcode.app/Contents/Developer/Toolchains/XcodeDefault.xctoolchain/usr/bin/cc   -fopenmp -v -isysroot /Applications/Xcode.app/Contents/Developer/Platforms/MacOSX.platform/Developer/SDKs/MacOSX10.15.sdk   -o CMakeFiles/cmTC_a8eee.dir/OpenMPTryFlag.c.o   -c /Users/bindas/Documents2/EPFL/ComputerGraphics/ComputerGraphics/assignment_2/build/CMakeFiles/FindOpenMP/OpenMPTryFlag.c
Apple clang version 11.0.0 (clang-1100.0.33.17)
Target: x86_64-apple-darwin19.3.0
Thread model: posix
InstalledDir: /Applications/Xcode.app/Contents/Developer/Toolchains/XcodeDefault.xctoolchain/usr/bin
clang: error: unsupported option '-fopenmp'
make[1]: *** [CMakeFiles/cmTC_a8eee.dir/OpenMPTryFlag.c.o] Error 1
make: *** [cmTC_a8eee/fast] Error 2


Detecting CXX OpenMP failed with the following output:
Change Dir: /Users/bindas/Documents2/EPFL/ComputerGraphics/ComputerGraphics/assignment_2/build/CMakeFiles/CMakeTmp

Run Build Command(s):/usr/bin/make cmTC_5f967/fast 
/Applications/Xcode.app/Contents/Developer/usr/bin/make -f CMakeFiles/cmTC_5f967.dir/build.make CMakeFiles/cmTC_5f967.dir/build
Building CXX object CMakeFiles/cmTC_5f967.dir/OpenMPTryFlag.cpp.o
/Applications/Xcode.app/Contents/Developer/Toolchains/XcodeDefault.xctoolchain/usr/bin/c++    -fopenmp=libomp -v -isysroot /Applications/Xcode.app/Contents/Developer/Platforms/MacOSX.platform/Developer/SDKs/MacOSX10.15.sdk   -o CMakeFiles/cmTC_5f967.dir/OpenMPTryFlag.cpp.o -c /Users/bindas/Documents2/EPFL/ComputerGraphics/ComputerGraphics/assignment_2/build/CMakeFiles/FindOpenMP/OpenMPTryFlag.cpp
Apple clang version 11.0.0 (clang-1100.0.33.17)
Target: x86_64-apple-darwin19.3.0
Thread model: posix
InstalledDir: /Applications/Xcode.app/Contents/Developer/Toolchains/XcodeDefault.xctoolchain/usr/bin
clang: error: unsupported argument 'libomp' to option 'fopenmp='
make[1]: *** [CMakeFiles/cmTC_5f967.dir/OpenMPTryFlag.cpp.o] Error 1
make: *** [cmTC_5f967/fast] Error 2


Detecting CXX OpenMP failed with the following output:
Change Dir: /Users/bindas/Documents2/EPFL/ComputerGraphics/ComputerGraphics/assignment_2/build/CMakeFiles/CMakeTmp

Run Build Command(s):/usr/bin/make cmTC_c0b18/fast 
/Applications/Xcode.app/Contents/Developer/usr/bin/make -f CMakeFiles/cmTC_c0b18.dir/build.make CMakeFiles/cmTC_c0b18.dir/build
Building CXX object CMakeFiles/cmTC_c0b18.dir/OpenMPTryFlag.cpp.o
/Applications/Xcode.app/Contents/Developer/Toolchains/XcodeDefault.xctoolchain/usr/bin/c++    -fopenmp=libiomp5 -v -isysroot /Applications/Xcode.app/Contents/Developer/Platforms/MacOSX.platform/Developer/SDKs/MacOSX10.15.sdk   -o CMakeFiles/cmTC_c0b18.dir/OpenMPTryFlag.cpp.o -c /Users/bindas/Documents2/EPFL/ComputerGraphics/ComputerGraphics/assignment_2/build/CMakeFiles/FindOpenMP/OpenMPTryFlag.cpp
Apple clang version 11.0.0 (clang-1100.0.33.17)
Target: x86_64-apple-darwin19.3.0
Thread model: posix
InstalledDir: /Applications/Xcode.app/Contents/Developer/Toolchains/XcodeDefault.xctoolchain/usr/bin
clang: error: unsupported argument 'libiomp5' to option 'fopenmp='
make[1]: *** [CMakeFiles/cmTC_c0b18.dir/OpenMPTryFlag.cpp.o] Error 1
make: *** [cmTC_c0b18/fast] Error 2


Detecting CXX OpenMP failed with the following output:
Change Dir: /Users/bindas/Documents2/EPFL/ComputerGraphics/ComputerGraphics/assignment_2/build/CMakeFiles/CMakeTmp

Run Build Command(s):/usr/bin/make cmTC_579f5/fast 
/Applications/Xcode.app/Contents/Developer/usr/bin/make -f CMakeFiles/cmTC_579f5.dir/build.make CMakeFiles/cmTC_579f5.dir/build
Building CXX object CMakeFiles/cmTC_579f5.dir/OpenMPTryFlag.cpp.o
/Applications/Xcode.app/Contents/Developer/Toolchains/XcodeDefault.xctoolchain/usr/bin/c++    -fopenmp -v -isysroot /Applications/Xcode.app/Contents/Developer/Platforms/MacOSX.platform/Developer/SDKs/MacOSX10.15.sdk   -o CMakeFiles/cmTC_579f5.dir/OpenMPTryFlag.cpp.o -c /Users/bindas/Documents2/EPFL/ComputerGraphics/ComputerGraphics/assignment_2/build/CMakeFiles/FindOpenMP/OpenMPTryFlag.cpp
Apple clang version 11.0.0 (clang-1100.0.33.17)
Target: x86_64-apple-darwin19.3.0
Thread model: posix
InstalledDir: /Applications/Xcode.app/Contents/Developer/Toolchains/XcodeDefault.xctoolchain/usr/bin
clang: error: unsupported option '-fopenmp'
make[1]: *** [CMakeFiles/cmTC_579f5.dir/OpenMPTryFlag.cpp.o] Error 1
make: *** [cmTC_579f5/fast] Error 2


